2022-07-23 10:53:45 INFO  EmployeesRestAPIssss:17 - ------------------Started TC001_Get_All_Employees----------------
2022-07-23 10:55:10 INFO  EmployeesRestAPIssss:17 - ------------------Started TC001_Get_All_Employees----------------
2022-07-23 10:56:29 INFO  EmployeesRestAPIssss:17 - ------------------Started TC001_Get_All_Employees----------------
2022-07-23 10:56:32 INFO  EmployeesRestAPIssss:82 - -------------------- Checking Content Encoding --------------------------
2022-07-23 10:56:32 INFO  EmployeesRestAPIssss:84 - Content Encoding ===>gzip
2022-07-23 10:56:32 INFO  EmployeesRestAPIssss:64 - -------------------- Checking Content Type --------------------------
2022-07-23 10:56:32 INFO  EmployeesRestAPIssss:66 - Content Type ===>application/json
2022-07-23 10:56:32 INFO  EmployeesRestAPIssss:28 - ------------------- Checking Rrsponse Body------------------------
2022-07-23 10:56:32 INFO  EmployeesRestAPIssss:30 - Response Body  ==>{"status":"success","data":[{"id":1,"employee_name":"Tiger Nixon","employee_salary":320800,"employee_age":61,"profile_image":""},{"id":2,"employee_name":"Garrett Winters","employee_salary":170750,"employee_age":63,"profile_image":""},{"id":3,"employee_name":"Ashton Cox","employee_salary":86000,"employee_age":66,"profile_image":""},{"id":4,"employee_name":"Cedric Kelly","employee_salary":433060,"employee_age":22,"profile_image":""},{"id":5,"employee_name":"Airi Satou","employee_salary":162700,"employee_age":33,"profile_image":""},{"id":6,"employee_name":"Brielle Williamson","employee_salary":372000,"employee_age":61,"profile_image":""},{"id":7,"employee_name":"Herrod Chandler","employee_salary":137500,"employee_age":59,"profile_image":""},{"id":8,"employee_name":"Rhona Davidson","employee_salary":327900,"employee_age":55,"profile_image":""},{"id":9,"employee_name":"Colleen Hurst","employee_salary":205500,"employee_age":39,"profile_image":""},{"id":10,"employee_name":"Sonya Frost","employee_salary":103600,"employee_age":23,"profile_image":""},{"id":11,"employee_name":"Jena Gaines","employee_salary":90560,"employee_age":30,"profile_image":""},{"id":12,"employee_name":"Quinn Flynn","employee_salary":342000,"employee_age":22,"profile_image":""},{"id":13,"employee_name":"Charde Marshall","employee_salary":470600,"employee_age":36,"profile_image":""},{"id":14,"employee_name":"Haley Kennedy","employee_salary":313500,"employee_age":43,"profile_image":""},{"id":15,"employee_name":"Tatyana Fitzpatrick","employee_salary":385750,"employee_age":19,"profile_image":""},{"id":16,"employee_name":"Michael Silva","employee_salary":198500,"employee_age":66,"profile_image":""},{"id":17,"employee_name":"Paul Byrd","employee_salary":725000,"employee_age":64,"profile_image":""},{"id":18,"employee_name":"Gloria Little","employee_salary":237500,"employee_age":59,"profile_image":""},{"id":19,"employee_name":"Bradley Greer","employee_salary":132000,"employee_age":41,"profile_image":""},{"id":20,"employee_name":"Dai Rios","employee_salary":217500,"employee_age":35,"profile_image":""},{"id":21,"employee_name":"Jenette Caldwell","employee_salary":345000,"employee_age":30,"profile_image":""},{"id":22,"employee_name":"Yuri Berry","employee_salary":675000,"employee_age":40,"profile_image":""},{"id":23,"employee_name":"Caesar Vance","employee_salary":106450,"employee_age":21,"profile_image":""},{"id":24,"employee_name":"Doris Wilder","employee_salary":85600,"employee_age":23,"profile_image":""}],"message":"Successfully! All records has been fetched."}
2022-07-23 10:56:32 INFO  EmployeesRestAPIssss:46 - -------------------- Checking Response Time --------------------------
2022-07-23 10:56:32 INFO  EmployeesRestAPIssss:48 - Response Time ===>1313
2022-07-23 10:56:32 INFO  EmployeesRestAPIssss:73 - -------------------- Checking Server Type --------------------------
2022-07-23 10:56:32 INFO  EmployeesRestAPIssss:75 - Server Type ===>nginx
2022-07-23 10:56:32 INFO  EmployeesRestAPIssss:37 - -------------------- Checking Status Code --------------------------
2022-07-23 10:56:32 INFO  EmployeesRestAPIssss:39 - Status Code ===>200
2022-07-23 10:56:32 INFO  EmployeesRestAPIssss:55 - -------------------- Checking Status Line --------------------------
2022-07-23 10:56:32 INFO  EmployeesRestAPIssss:57 - Status Line ===>HTTP/1.1 200 OK
2022-07-23 10:57:56 INFO  EmployeesRestAPIssss:17 - ------------------Started TC001_Get_All_Employees----------------
2022-07-23 10:57:58 INFO  EmployeesRestAPIssss:82 - -------------------- Checking Content Encoding --------------------------
2022-07-23 10:57:58 INFO  EmployeesRestAPIssss:84 - Content Encoding ===>gzip
2022-07-23 10:57:58 INFO  EmployeesRestAPIssss:64 - -------------------- Checking Content Type --------------------------
2022-07-23 10:57:58 INFO  EmployeesRestAPIssss:66 - Content Type ===>application/json
2022-07-23 10:57:58 INFO  EmployeesRestAPIssss:28 - ------------------- Checking Rrsponse Body------------------------
2022-07-23 10:57:58 INFO  EmployeesRestAPIssss:30 - Response Body  ==>{"status":"success","data":[{"id":1,"employee_name":"Tiger Nixon","employee_salary":320800,"employee_age":61,"profile_image":""},{"id":2,"employee_name":"Garrett Winters","employee_salary":170750,"employee_age":63,"profile_image":""},{"id":3,"employee_name":"Ashton Cox","employee_salary":86000,"employee_age":66,"profile_image":""},{"id":4,"employee_name":"Cedric Kelly","employee_salary":433060,"employee_age":22,"profile_image":""},{"id":5,"employee_name":"Airi Satou","employee_salary":162700,"employee_age":33,"profile_image":""},{"id":6,"employee_name":"Brielle Williamson","employee_salary":372000,"employee_age":61,"profile_image":""},{"id":7,"employee_name":"Herrod Chandler","employee_salary":137500,"employee_age":59,"profile_image":""},{"id":8,"employee_name":"Rhona Davidson","employee_salary":327900,"employee_age":55,"profile_image":""},{"id":9,"employee_name":"Colleen Hurst","employee_salary":205500,"employee_age":39,"profile_image":""},{"id":10,"employee_name":"Sonya Frost","employee_salary":103600,"employee_age":23,"profile_image":""},{"id":11,"employee_name":"Jena Gaines","employee_salary":90560,"employee_age":30,"profile_image":""},{"id":12,"employee_name":"Quinn Flynn","employee_salary":342000,"employee_age":22,"profile_image":""},{"id":13,"employee_name":"Charde Marshall","employee_salary":470600,"employee_age":36,"profile_image":""},{"id":14,"employee_name":"Haley Kennedy","employee_salary":313500,"employee_age":43,"profile_image":""},{"id":15,"employee_name":"Tatyana Fitzpatrick","employee_salary":385750,"employee_age":19,"profile_image":""},{"id":16,"employee_name":"Michael Silva","employee_salary":198500,"employee_age":66,"profile_image":""},{"id":17,"employee_name":"Paul Byrd","employee_salary":725000,"employee_age":64,"profile_image":""},{"id":18,"employee_name":"Gloria Little","employee_salary":237500,"employee_age":59,"profile_image":""},{"id":19,"employee_name":"Bradley Greer","employee_salary":132000,"employee_age":41,"profile_image":""},{"id":20,"employee_name":"Dai Rios","employee_salary":217500,"employee_age":35,"profile_image":""},{"id":21,"employee_name":"Jenette Caldwell","employee_salary":345000,"employee_age":30,"profile_image":""},{"id":22,"employee_name":"Yuri Berry","employee_salary":675000,"employee_age":40,"profile_image":""},{"id":23,"employee_name":"Caesar Vance","employee_salary":106450,"employee_age":21,"profile_image":""},{"id":24,"employee_name":"Doris Wilder","employee_salary":85600,"employee_age":23,"profile_image":""}],"message":"Successfully! All records has been fetched."}
2022-07-23 10:57:58 INFO  EmployeesRestAPIssss:46 - -------------------- Checking Response Time --------------------------
2022-07-23 10:57:58 INFO  EmployeesRestAPIssss:48 - Response Time ===>1022
2022-07-23 10:57:58 INFO  EmployeesRestAPIssss:73 - -------------------- Checking Server Type --------------------------
2022-07-23 10:57:58 INFO  EmployeesRestAPIssss:75 - Server Type ===>nginx
2022-07-23 10:57:58 INFO  EmployeesRestAPIssss:37 - -------------------- Checking Status Code --------------------------
2022-07-23 10:57:58 INFO  EmployeesRestAPIssss:39 - Status Code ===>200
2022-07-23 10:57:58 INFO  EmployeesRestAPIssss:55 - -------------------- Checking Status Line --------------------------
2022-07-23 10:57:58 INFO  EmployeesRestAPIssss:57 - Status Line ===>HTTP/1.1 200 OK
2022-07-23 10:58:30 INFO  EmployeesRestAPIssss:17 - ------------------Started TC001_Get_All_Employees----------------
2022-07-23 10:58:32 INFO  EmployeesRestAPIssss:82 - -------------------- Checking Content Encoding --------------------------
2022-07-23 10:58:32 INFO  EmployeesRestAPIssss:84 - Content Encoding ===>gzip
2022-07-23 10:58:32 INFO  EmployeesRestAPIssss:64 - -------------------- Checking Content Type --------------------------
2022-07-23 10:58:32 INFO  EmployeesRestAPIssss:66 - Content Type ===>text/html; charset=UTF-8
2022-07-23 10:58:32 INFO  EmployeesRestAPIssss:28 - ------------------- Checking Rrsponse Body------------------------
2022-07-23 10:58:32 INFO  EmployeesRestAPIssss:30 - Response Body  ==><!DOCTYPE html>
<html lang="en">
    <head><meta charset="utf-8">
        
        <meta name="viewport" content="width=device-width, initial-scale=1">

        <title>Too Many Requests</title>

        <!-- Fonts -->
        <link rel="dns-prefetch" href="//fonts.gstatic.com">
        <link href="https://fonts.googleapis.com/css?family=Nunito" rel="stylesheet">

        <!-- Styles -->
        <style>
            html, body {
                background-color: #fff;
                color: #636b6f;
                font-family: 'Nunito', sans-serif;
                font-weight: 100;
                height: 100vh;
                margin: 0;
            }

            .full-height {
                height: 100vh;
            }

            .flex-center {
                align-items: center;
                display: flex;
                justify-content: center;
            }

            .position-ref {
                position: relative;
            }

            .code {
                border-right: 2px solid;
                font-size: 26px;
                padding: 0 15px 0 15px;
                text-align: center;
            }

            .message {
                font-size: 18px;
                text-align: center;
            }
        </style>
    </head>
    <body>
        <div class="flex-center position-ref full-height">
            <div class="code">
                429            </div>

            <div class="message" style="padding: 10px;">
                Too Many Requests            </div>
        </div>
    <script type="text/javascript" onload="__ezcl.handle(true);" async src="/utilcave_com/inc/ezcl.webp?cb=4"></script></body>
</html>

2022-07-23 10:58:32 INFO  EmployeesRestAPIssss:46 - -------------------- Checking Response Time --------------------------
2022-07-23 10:58:32 INFO  EmployeesRestAPIssss:48 - Response Time ===>1241
2022-07-23 10:58:32 INFO  EmployeesRestAPIssss:73 - -------------------- Checking Server Type --------------------------
2022-07-23 10:58:32 INFO  EmployeesRestAPIssss:75 - Server Type ===>nginx
2022-07-23 10:58:32 INFO  EmployeesRestAPIssss:37 - -------------------- Checking Status Code --------------------------
2022-07-23 10:58:32 INFO  EmployeesRestAPIssss:39 - Status Code ===>429
2022-07-23 10:58:32 INFO  EmployeesRestAPIssss:55 - -------------------- Checking Status Line --------------------------
2022-07-23 10:58:32 INFO  EmployeesRestAPIssss:57 - Status Line ===>HTTP/1.1 429 Too Many Requests
2022-07-23 11:13:34 INFO  EmployeesRestAPIssss:18 - ------------------Started TC002_Get_Single_Employee_Record----------------
2022-07-23 11:13:36 INFO  EmployeesRestAPIssss:83 - -------------------- Checking Content Encoding --------------------------
2022-07-23 11:13:36 INFO  EmployeesRestAPIssss:85 - Content Encoding ===>null
2022-07-23 11:13:36 INFO  EmployeesRestAPIssss:92 - -------------------- Checking Content Length -----------------------------
2022-07-23 11:13:36 INFO  EmployeesRestAPIssss:94 - Content Length ===> 16
2022-07-23 11:13:36 INFO  EmployeesRestAPIssss:65 - -------------------- Checking Content Type --------------------------
2022-07-23 11:13:36 INFO  EmployeesRestAPIssss:67 - Content Type ===>application/json
2022-07-23 11:13:36 INFO  EmployeesRestAPIssss:29 - ------------------- Checking Rrsponse Body------------------------
2022-07-23 11:13:36 INFO  EmployeesRestAPIssss:31 - Response Body  ==>{"message":"Error Occured! Page Not found, contact rstapi2example@gmail.com"}
2022-07-23 11:13:36 INFO  EmployeesRestAPIssss:47 - -------------------- Checking Response Time --------------------------
2022-07-23 11:13:36 INFO  EmployeesRestAPIssss:49 - Response Time ===>1011
2022-07-23 11:13:36 INFO  EmployeesRestAPIssss:74 - -------------------- Checking Server Type --------------------------
2022-07-23 11:13:36 INFO  EmployeesRestAPIssss:76 - Server Type ===>nginx
2022-07-23 11:13:36 INFO  EmployeesRestAPIssss:38 - -------------------- Checking Status Code --------------------------
2022-07-23 11:13:36 INFO  EmployeesRestAPIssss:40 - Status Code ===>404
2022-07-23 11:13:36 INFO  EmployeesRestAPIssss:56 - -------------------- Checking Status Line --------------------------
2022-07-23 11:13:36 INFO  EmployeesRestAPIssss:58 - Status Line ===>HTTP/1.1 404 Not Found
2022-07-23 11:13:36 INFO  EmployeesRestAPIssss:101 - ------------------------ Finished TC001_Get_All_Employees------------------
2022-07-23 11:14:42 INFO  EmployeesRestAPIssss:18 - ------------------Started TC002_Get_Single_Employee_Record----------------
2022-07-23 11:14:44 INFO  EmployeesRestAPIssss:83 - -------------------- Checking Content Encoding --------------------------
2022-07-23 11:14:44 INFO  EmployeesRestAPIssss:85 - Content Encoding ===>null
2022-07-23 11:14:44 INFO  EmployeesRestAPIssss:92 - -------------------- Checking Content Length -----------------------------
2022-07-23 11:14:44 INFO  EmployeesRestAPIssss:94 - Content Length ===> 16
2022-07-23 11:14:44 INFO  EmployeesRestAPIssss:65 - -------------------- Checking Content Type --------------------------
2022-07-23 11:14:44 INFO  EmployeesRestAPIssss:67 - Content Type ===>application/json
2022-07-23 11:14:44 INFO  EmployeesRestAPIssss:29 - ------------------- Checking Rrsponse Body------------------------
2022-07-23 11:14:44 INFO  EmployeesRestAPIssss:31 - Response Body  ==>{"message":"Error Occured! Page Not found, contact rstapi2example@gmail.com"}
2022-07-23 11:14:44 INFO  EmployeesRestAPIssss:47 - -------------------- Checking Response Time --------------------------
2022-07-23 11:14:44 INFO  EmployeesRestAPIssss:49 - Response Time ===>1000
2022-07-23 11:14:44 INFO  EmployeesRestAPIssss:74 - -------------------- Checking Server Type --------------------------
2022-07-23 11:14:44 INFO  EmployeesRestAPIssss:76 - Server Type ===>nginx
2022-07-23 11:14:44 INFO  EmployeesRestAPIssss:38 - -------------------- Checking Status Code --------------------------
2022-07-23 11:14:44 INFO  EmployeesRestAPIssss:40 - Status Code ===>404
2022-07-23 11:14:44 INFO  EmployeesRestAPIssss:56 - -------------------- Checking Status Line --------------------------
2022-07-23 11:14:44 INFO  EmployeesRestAPIssss:58 - Status Line ===>HTTP/1.1 404 Not Found
2022-07-23 11:14:44 INFO  EmployeesRestAPIssss:101 - ------------------------ Finished TC001_Get_All_Employees------------------
2022-07-23 11:15:33 INFO  EmployeesRestAPIssss:18 - ------------------Started TC002_Get_Single_Employee_Record----------------
2022-07-23 11:15:35 INFO  EmployeesRestAPIssss:83 - -------------------- Checking Content Encoding --------------------------
2022-07-23 11:15:35 INFO  EmployeesRestAPIssss:85 - Content Encoding ===>null
2022-07-23 11:15:35 INFO  EmployeesRestAPIssss:92 - -------------------- Checking Content Length -----------------------------
2022-07-23 11:15:35 INFO  EmployeesRestAPIssss:94 - Content Length ===> 16
2022-07-23 11:15:35 INFO  EmployeesRestAPIssss:65 - -------------------- Checking Content Type --------------------------
2022-07-23 11:15:35 INFO  EmployeesRestAPIssss:67 - Content Type ===>application/json
2022-07-23 11:15:35 INFO  EmployeesRestAPIssss:29 - ------------------- Checking Rrsponse Body------------------------
2022-07-23 11:15:35 INFO  EmployeesRestAPIssss:31 - Response Body  ==>{"message":"Error Occured! Page Not found, contact rstapi2example@gmail.com"}
2022-07-23 11:15:35 INFO  EmployeesRestAPIssss:47 - -------------------- Checking Response Time --------------------------
2022-07-23 11:15:35 INFO  EmployeesRestAPIssss:49 - Response Time ===>963
2022-07-23 11:15:35 INFO  EmployeesRestAPIssss:74 - -------------------- Checking Server Type --------------------------
2022-07-23 11:15:35 INFO  EmployeesRestAPIssss:76 - Server Type ===>nginx
2022-07-23 11:15:35 INFO  EmployeesRestAPIssss:38 - -------------------- Checking Status Code --------------------------
2022-07-23 11:15:35 INFO  EmployeesRestAPIssss:40 - Status Code ===>404
2022-07-23 11:15:35 INFO  EmployeesRestAPIssss:56 - -------------------- Checking Status Line --------------------------
2022-07-23 11:15:35 INFO  EmployeesRestAPIssss:58 - Status Line ===>HTTP/1.1 404 Not Found
2022-07-23 11:15:35 INFO  EmployeesRestAPIssss:101 - ------------------------ Finished TC001_Get_All_Employees------------------
2022-07-23 11:42:12 INFO  EmployeesRestAPIssss:88 - -------------------- Checking Content Encoding --------------------------
2022-07-23 11:42:12 INFO  EmployeesRestAPIssss:90 - Content Encoding ===>gzip
2022-07-23 11:42:12 INFO  EmployeesRestAPIssss:97 - -------------------- Checking Content Length -----------------------------
2022-07-23 11:42:12 INFO  EmployeesRestAPIssss:99 - Content Length ===> 24
2022-07-23 11:42:12 INFO  EmployeesRestAPIssss:70 - -------------------- Checking Content Type --------------------------
2022-07-23 11:42:12 INFO  EmployeesRestAPIssss:72 - Content Type ===>text/html; charset=UTF-8
2022-07-23 11:42:12 INFO  EmployeesRestAPIssss:43 - ------------------- Checking Rrsponse Body------------------------
2022-07-23 11:42:12 INFO  EmployeesRestAPIssss:45 - Response Body  ==><!DOCTYPE html>
<html lang="en">
    <head><meta charset="utf-8">
        
        <meta name="viewport" content="width=device-width, initial-scale=1">

        <title>Too Many Requests</title>

        <!-- Fonts -->
        <link rel="dns-prefetch" href="//fonts.gstatic.com">
        <link href="https://fonts.googleapis.com/css?family=Nunito" rel="stylesheet">

        <!-- Styles -->
        <style>
            html, body {
                background-color: #fff;
                color: #636b6f;
                font-family: 'Nunito', sans-serif;
                font-weight: 100;
                height: 100vh;
                margin: 0;
            }

            .full-height {
                height: 100vh;
            }

            .flex-center {
                align-items: center;
                display: flex;
                justify-content: center;
            }

            .position-ref {
                position: relative;
            }

            .code {
                border-right: 2px solid;
                font-size: 26px;
                padding: 0 15px 0 15px;
                text-align: center;
            }

            .message {
                font-size: 18px;
                text-align: center;
            }
        </style>
    </head>
    <body>
        <div class="flex-center position-ref full-height">
            <div class="code">
                429            </div>

            <div class="message" style="padding: 10px;">
                Too Many Requests            </div>
        </div>
    <script type="text/javascript" onload="__ezcl.handle(true);" async src="/utilcave_com/inc/ezcl.webp?cb=4"></script></body>
</html>

2022-07-23 11:42:12 INFO  EmployeesRestAPIssss:79 - -------------------- Checking Server Type --------------------------
2022-07-23 11:42:12 INFO  EmployeesRestAPIssss:81 - Server Type ===>nginx
2022-07-23 11:42:12 INFO  EmployeesRestAPIssss:52 - -------------------- Checking Status Code --------------------------
2022-07-23 11:42:12 INFO  EmployeesRestAPIssss:54 - Status Code ===>429
2022-07-23 11:42:12 INFO  EmployeesRestAPIssss:61 - -------------------- Checking Status Line --------------------------
2022-07-23 11:42:12 INFO  EmployeesRestAPIssss:63 - Status Line ===>HTTP/1.1 429 Too Many Requests
2022-07-23 11:42:12 INFO  EmployeesRestAPIssss:106 - ----------------- End of TC003 -------------------
2022-07-23 12:26:31 INFO  EmployeesRestAPIssss:18 - ------------------Started TC001_Get_All_Employees----------------
2022-07-23 12:26:32 INFO  EmployeesRestAPIssss:83 - -------------------- Checking Content Encoding --------------------------
2022-07-23 12:26:32 INFO  EmployeesRestAPIssss:85 - Content Encoding ===>gzip
2022-07-23 12:26:32 INFO  EmployeesRestAPIssss:65 - -------------------- Checking Content Type --------------------------
2022-07-23 12:26:32 INFO  EmployeesRestAPIssss:67 - Content Type ===>application/json
2022-07-23 12:26:32 INFO  EmployeesRestAPIssss:29 - ------------------- Checking Rrsponse Body------------------------
2022-07-23 12:26:32 INFO  EmployeesRestAPIssss:31 - Response Body  ==>{"status":"success","data":[{"id":1,"employee_name":"Tiger Nixon","employee_salary":320800,"employee_age":61,"profile_image":""},{"id":2,"employee_name":"Garrett Winters","employee_salary":170750,"employee_age":63,"profile_image":""},{"id":3,"employee_name":"Ashton Cox","employee_salary":86000,"employee_age":66,"profile_image":""},{"id":4,"employee_name":"Cedric Kelly","employee_salary":433060,"employee_age":22,"profile_image":""},{"id":5,"employee_name":"Airi Satou","employee_salary":162700,"employee_age":33,"profile_image":""},{"id":6,"employee_name":"Brielle Williamson","employee_salary":372000,"employee_age":61,"profile_image":""},{"id":7,"employee_name":"Herrod Chandler","employee_salary":137500,"employee_age":59,"profile_image":""},{"id":8,"employee_name":"Rhona Davidson","employee_salary":327900,"employee_age":55,"profile_image":""},{"id":9,"employee_name":"Colleen Hurst","employee_salary":205500,"employee_age":39,"profile_image":""},{"id":10,"employee_name":"Sonya Frost","employee_salary":103600,"employee_age":23,"profile_image":""},{"id":11,"employee_name":"Jena Gaines","employee_salary":90560,"employee_age":30,"profile_image":""},{"id":12,"employee_name":"Quinn Flynn","employee_salary":342000,"employee_age":22,"profile_image":""},{"id":13,"employee_name":"Charde Marshall","employee_salary":470600,"employee_age":36,"profile_image":""},{"id":14,"employee_name":"Haley Kennedy","employee_salary":313500,"employee_age":43,"profile_image":""},{"id":15,"employee_name":"Tatyana Fitzpatrick","employee_salary":385750,"employee_age":19,"profile_image":""},{"id":16,"employee_name":"Michael Silva","employee_salary":198500,"employee_age":66,"profile_image":""},{"id":17,"employee_name":"Paul Byrd","employee_salary":725000,"employee_age":64,"profile_image":""},{"id":18,"employee_name":"Gloria Little","employee_salary":237500,"employee_age":59,"profile_image":""},{"id":19,"employee_name":"Bradley Greer","employee_salary":132000,"employee_age":41,"profile_image":""},{"id":20,"employee_name":"Dai Rios","employee_salary":217500,"employee_age":35,"profile_image":""},{"id":21,"employee_name":"Jenette Caldwell","employee_salary":345000,"employee_age":30,"profile_image":""},{"id":22,"employee_name":"Yuri Berry","employee_salary":675000,"employee_age":40,"profile_image":""},{"id":23,"employee_name":"Caesar Vance","employee_salary":106450,"employee_age":21,"profile_image":""},{"id":24,"employee_name":"Doris Wilder","employee_salary":85600,"employee_age":23,"profile_image":""}],"message":"Successfully! All records has been fetched."}
2022-07-23 12:26:32 INFO  EmployeesRestAPIssss:47 - -------------------- Checking Response Time --------------------------
2022-07-23 12:26:32 INFO  EmployeesRestAPIssss:49 - Response Time ===>1012
2022-07-23 12:26:32 INFO  EmployeesRestAPIssss:74 - -------------------- Checking Server Type --------------------------
2022-07-23 12:26:32 INFO  EmployeesRestAPIssss:76 - Server Type ===>nginx
2022-07-23 12:26:32 INFO  EmployeesRestAPIssss:38 - -------------------- Checking Status Code --------------------------
2022-07-23 12:26:32 INFO  EmployeesRestAPIssss:40 - Status Code ===>200
2022-07-23 12:26:33 INFO  EmployeesRestAPIssss:56 - -------------------- Checking Status Line --------------------------
2022-07-23 12:26:33 INFO  EmployeesRestAPIssss:58 - Status Line ===>HTTP/1.1 200 OK
2022-07-23 12:26:33 INFO  EmployeesRestAPIssss:92 - ------------------------ Finished TC001_Get_All_Employees------------------
2022-07-23 12:26:33 INFO  EmployeesRestAPIssss:18 - ------------------Started TC002_Get_Single_Employee_Record----------------
2022-07-23 12:26:33 INFO  EmployeesRestAPIssss:83 - -------------------- Checking Content Encoding --------------------------
2022-07-23 12:26:33 INFO  EmployeesRestAPIssss:85 - Content Encoding ===>null
2022-07-23 12:26:33 INFO  EmployeesRestAPIssss:92 - -------------------- Checking Content Length -----------------------------
2022-07-23 12:26:33 INFO  EmployeesRestAPIssss:94 - Content Length ===> 16
2022-07-23 12:26:33 INFO  EmployeesRestAPIssss:65 - -------------------- Checking Content Type --------------------------
2022-07-23 12:26:33 INFO  EmployeesRestAPIssss:67 - Content Type ===>application/json
2022-07-23 12:26:33 INFO  EmployeesRestAPIssss:29 - ------------------- Checking Rrsponse Body------------------------
2022-07-23 12:26:33 INFO  EmployeesRestAPIssss:31 - Response Body  ==>{"message":"Error Occured! Page Not found, contact rstapi2example@gmail.com"}
2022-07-23 12:26:33 INFO  EmployeesRestAPIssss:47 - -------------------- Checking Response Time --------------------------
2022-07-23 12:26:33 INFO  EmployeesRestAPIssss:49 - Response Time ===>438
2022-07-23 12:26:33 INFO  EmployeesRestAPIssss:74 - -------------------- Checking Server Type --------------------------
2022-07-23 12:26:33 INFO  EmployeesRestAPIssss:76 - Server Type ===>nginx
2022-07-23 12:26:33 INFO  EmployeesRestAPIssss:38 - -------------------- Checking Status Code --------------------------
2022-07-23 12:26:33 INFO  EmployeesRestAPIssss:40 - Status Code ===>404
2022-07-23 12:26:33 INFO  EmployeesRestAPIssss:56 - -------------------- Checking Status Line --------------------------
2022-07-23 12:26:33 INFO  EmployeesRestAPIssss:58 - Status Line ===>HTTP/1.1 404 Not Found
2022-07-23 12:26:33 INFO  EmployeesRestAPIssss:101 - ------------------------ Finished TC001_Get_All_Employees------------------
2022-07-23 12:26:33 INFO  EmployeesRestAPIssss:88 - -------------------- Checking Content Encoding --------------------------
2022-07-23 12:26:33 INFO  EmployeesRestAPIssss:90 - Content Encoding ===>gzip
2022-07-23 12:26:33 INFO  EmployeesRestAPIssss:97 - -------------------- Checking Content Length -----------------------------
2022-07-23 12:26:33 INFO  EmployeesRestAPIssss:99 - Content Length ===> 24
2022-07-23 12:26:33 INFO  EmployeesRestAPIssss:70 - -------------------- Checking Content Type --------------------------
2022-07-23 12:26:33 INFO  EmployeesRestAPIssss:72 - Content Type ===>text/html; charset=UTF-8
2022-07-23 12:26:33 INFO  EmployeesRestAPIssss:43 - ------------------- Checking Rrsponse Body------------------------
2022-07-23 12:26:33 INFO  EmployeesRestAPIssss:45 - Response Body  ==><!DOCTYPE html>
<html lang="en">
    <head>
        <meta charset="utf-8">
        <meta name="viewport" content="width=device-width, initial-scale=1">

        <title>Too Many Requests</title>

        <!-- Fonts -->
        <link rel="dns-prefetch" href="//fonts.gstatic.com">
        <link href="https://fonts.googleapis.com/css?family=Nunito" rel="stylesheet">

        <!-- Styles -->
        <style>
            html, body {
                background-color: #fff;
                color: #636b6f;
                font-family: 'Nunito', sans-serif;
                font-weight: 100;
                height: 100vh;
                margin: 0;
            }

            .full-height {
                height: 100vh;
            }

            .flex-center {
                align-items: center;
                display: flex;
                justify-content: center;
            }

            .position-ref {
                position: relative;
            }

            .code {
                border-right: 2px solid;
                font-size: 26px;
                padding: 0 15px 0 15px;
                text-align: center;
            }

            .message {
                font-size: 18px;
                text-align: center;
            }
        </style>
    </head>
    <body>
        <div class="flex-center position-ref full-height">
            <div class="code">
                429            </div>

            <div class="message" style="padding: 10px;">
                Too Many Requests            </div>
        </div>
    </body>
</html>

2022-07-23 12:26:33 INFO  EmployeesRestAPIssss:79 - -------------------- Checking Server Type --------------------------
2022-07-23 12:26:33 INFO  EmployeesRestAPIssss:81 - Server Type ===>nginx
2022-07-23 12:26:33 INFO  EmployeesRestAPIssss:52 - -------------------- Checking Status Code --------------------------
2022-07-23 12:26:33 INFO  EmployeesRestAPIssss:54 - Status Code ===>429
2022-07-23 12:26:33 INFO  EmployeesRestAPIssss:61 - -------------------- Checking Status Line --------------------------
2022-07-23 12:26:33 INFO  EmployeesRestAPIssss:63 - Status Line ===>HTTP/1.1 429 Too Many Requests
2022-07-23 12:26:33 INFO  EmployeesRestAPIssss:106 - ----------------- End of TC003 -------------------
2022-07-24 10:32:52 INFO  EmployeesRestAPIssss:18 - ------------------Started TC001_Get_All_Employees----------------
2022-07-24 10:32:54 INFO  EmployeesRestAPIssss:83 - -------------------- Checking Content Encoding --------------------------
2022-07-24 10:32:54 INFO  EmployeesRestAPIssss:85 - Content Encoding ===>gzip
2022-07-24 10:32:54 INFO  EmployeesRestAPIssss:65 - -------------------- Checking Content Type --------------------------
2022-07-24 10:32:54 INFO  EmployeesRestAPIssss:67 - Content Type ===>text/html; charset=UTF-8
2022-07-24 10:32:54 INFO  EmployeesRestAPIssss:29 - ------------------- Checking Rrsponse Body------------------------
2022-07-24 10:32:54 INFO  EmployeesRestAPIssss:31 - Response Body  ==><!DOCTYPE html>
<html lang="en">
    <head>
        <meta charset="utf-8">
        <meta name="viewport" content="width=device-width, initial-scale=1">

        <title>Too Many Requests</title>

        <!-- Fonts -->
        <link rel="dns-prefetch" href="//fonts.gstatic.com">
        <link href="https://fonts.googleapis.com/css?family=Nunito" rel="stylesheet">

        <!-- Styles -->
        <style>
            html, body {
                background-color: #fff;
                color: #636b6f;
                font-family: 'Nunito', sans-serif;
                font-weight: 100;
                height: 100vh;
                margin: 0;
            }

            .full-height {
                height: 100vh;
            }

            .flex-center {
                align-items: center;
                display: flex;
                justify-content: center;
            }

            .position-ref {
                position: relative;
            }

            .code {
                border-right: 2px solid;
                font-size: 26px;
                padding: 0 15px 0 15px;
                text-align: center;
            }

            .message {
                font-size: 18px;
                text-align: center;
            }
        </style>
    </head>
    <body>
        <div class="flex-center position-ref full-height">
            <div class="code">
                429            </div>

            <div class="message" style="padding: 10px;">
                Too Many Requests            </div>
        </div>
    </body>
</html>

2022-07-24 10:32:54 INFO  EmployeesRestAPIssss:47 - -------------------- Checking Response Time --------------------------
2022-07-24 10:32:54 INFO  EmployeesRestAPIssss:49 - Response Time ===>1134
2022-07-24 10:32:54 INFO  EmployeesRestAPIssss:74 - -------------------- Checking Server Type --------------------------
2022-07-24 10:32:54 INFO  EmployeesRestAPIssss:76 - Server Type ===>nginx
2022-07-24 10:32:54 INFO  EmployeesRestAPIssss:38 - -------------------- Checking Status Code --------------------------
2022-07-24 10:32:54 INFO  EmployeesRestAPIssss:40 - Status Code ===>429
2022-07-24 10:32:54 INFO  EmployeesRestAPIssss:56 - -------------------- Checking Status Line --------------------------
2022-07-24 10:32:54 INFO  EmployeesRestAPIssss:58 - Status Line ===>HTTP/1.1 429 Too Many Requests
2022-07-24 10:32:54 INFO  EmployeesRestAPIssss:92 - ------------------------ Finished TC001_Get_All_Employees------------------
2022-07-24 10:32:54 INFO  EmployeesRestAPIssss:18 - ------------------Started TC002_Get_Single_Employee_Record----------------
2022-07-24 10:32:54 INFO  EmployeesRestAPIssss:83 - -------------------- Checking Content Encoding --------------------------
2022-07-24 10:32:54 INFO  EmployeesRestAPIssss:85 - Content Encoding ===>null
2022-07-24 10:32:54 INFO  EmployeesRestAPIssss:92 - -------------------- Checking Content Length -----------------------------
2022-07-24 10:32:54 INFO  EmployeesRestAPIssss:94 - Content Length ===> 16
2022-07-24 10:32:54 INFO  EmployeesRestAPIssss:65 - -------------------- Checking Content Type --------------------------
2022-07-24 10:32:54 INFO  EmployeesRestAPIssss:67 - Content Type ===>application/json
2022-07-24 10:32:54 INFO  EmployeesRestAPIssss:29 - ------------------- Checking Rrsponse Body------------------------
2022-07-24 10:32:54 INFO  EmployeesRestAPIssss:31 - Response Body  ==>{"message":"Error Occured! Page Not found, contact rstapi2example@gmail.com"}
2022-07-24 10:32:54 INFO  EmployeesRestAPIssss:47 - -------------------- Checking Response Time --------------------------
2022-07-24 10:32:54 INFO  EmployeesRestAPIssss:49 - Response Time ===>478
2022-07-24 10:32:54 INFO  EmployeesRestAPIssss:74 - -------------------- Checking Server Type --------------------------
2022-07-24 10:32:54 INFO  EmployeesRestAPIssss:76 - Server Type ===>nginx
2022-07-24 10:32:54 INFO  EmployeesRestAPIssss:38 - -------------------- Checking Status Code --------------------------
2022-07-24 10:32:54 INFO  EmployeesRestAPIssss:40 - Status Code ===>404
2022-07-24 10:32:54 INFO  EmployeesRestAPIssss:56 - -------------------- Checking Status Line --------------------------
2022-07-24 10:32:54 INFO  EmployeesRestAPIssss:58 - Status Line ===>HTTP/1.1 404 Not Found
2022-07-24 10:32:54 INFO  EmployeesRestAPIssss:101 - ------------------------ Finished TC001_Get_All_Employees------------------
2022-07-24 10:32:54 INFO  EmployeesRestAPIssss:88 - -------------------- Checking Content Encoding --------------------------
2022-07-24 10:32:54 INFO  EmployeesRestAPIssss:90 - Content Encoding ===>null
2022-07-24 10:32:54 INFO  EmployeesRestAPIssss:97 - -------------------- Checking Content Length -----------------------------
2022-07-24 10:32:54 INFO  EmployeesRestAPIssss:99 - Content Length ===> 16
2022-07-24 10:32:54 INFO  EmployeesRestAPIssss:70 - -------------------- Checking Content Type --------------------------
2022-07-24 10:32:54 INFO  EmployeesRestAPIssss:72 - Content Type ===>application/json
2022-07-24 10:32:54 INFO  EmployeesRestAPIssss:43 - ------------------- Checking Rrsponse Body------------------------
2022-07-24 10:32:54 INFO  EmployeesRestAPIssss:45 - Response Body  ==>{"status":"success","data":{"name":"Johna","empAge":"87","empSal":"50699","id":774},"message":"Successfully! Record has been added."}
2022-07-24 10:32:54 INFO  EmployeesRestAPIssss:79 - -------------------- Checking Server Type --------------------------
2022-07-24 10:32:54 INFO  EmployeesRestAPIssss:81 - Server Type ===>nginx
2022-07-24 10:32:54 INFO  EmployeesRestAPIssss:52 - -------------------- Checking Status Code --------------------------
2022-07-24 10:32:54 INFO  EmployeesRestAPIssss:54 - Status Code ===>200
2022-07-24 10:32:54 INFO  EmployeesRestAPIssss:61 - -------------------- Checking Status Line --------------------------
2022-07-24 10:32:54 INFO  EmployeesRestAPIssss:63 - Status Line ===>HTTP/1.1 200 OK
2022-07-24 10:32:54 INFO  EmployeesRestAPIssss:106 - ----------------- End of TC003 -------------------
2022-07-24 10:34:23 INFO  EmployeesRestAPIssss:18 - ------------------Started TC001_Get_All_Employees----------------
2022-07-24 10:34:25 INFO  EmployeesRestAPIssss:83 - -------------------- Checking Content Encoding --------------------------
2022-07-24 10:34:25 INFO  EmployeesRestAPIssss:85 - Content Encoding ===>gzip
2022-07-24 10:34:25 INFO  EmployeesRestAPIssss:65 - -------------------- Checking Content Type --------------------------
2022-07-24 10:34:25 INFO  EmployeesRestAPIssss:67 - Content Type ===>text/html; charset=UTF-8
2022-07-24 10:34:25 INFO  EmployeesRestAPIssss:29 - ------------------- Checking Rrsponse Body------------------------
2022-07-24 10:34:25 INFO  EmployeesRestAPIssss:31 - Response Body  ==><!DOCTYPE html>
<html lang="en">
    <head>
        <meta charset="utf-8">
        <meta name="viewport" content="width=device-width, initial-scale=1">

        <title>Too Many Requests</title>

        <!-- Fonts -->
        <link rel="dns-prefetch" href="//fonts.gstatic.com">
        <link href="https://fonts.googleapis.com/css?family=Nunito" rel="stylesheet">

        <!-- Styles -->
        <style>
            html, body {
                background-color: #fff;
                color: #636b6f;
                font-family: 'Nunito', sans-serif;
                font-weight: 100;
                height: 100vh;
                margin: 0;
            }

            .full-height {
                height: 100vh;
            }

            .flex-center {
                align-items: center;
                display: flex;
                justify-content: center;
            }

            .position-ref {
                position: relative;
            }

            .code {
                border-right: 2px solid;
                font-size: 26px;
                padding: 0 15px 0 15px;
                text-align: center;
            }

            .message {
                font-size: 18px;
                text-align: center;
            }
        </style>
    </head>
    <body>
        <div class="flex-center position-ref full-height">
            <div class="code">
                429            </div>

            <div class="message" style="padding: 10px;">
                Too Many Requests            </div>
        </div>
    </body>
</html>

2022-07-24 10:34:25 INFO  EmployeesRestAPIssss:47 - -------------------- Checking Response Time --------------------------
2022-07-24 10:34:25 INFO  EmployeesRestAPIssss:49 - Response Time ===>1085
2022-07-24 10:34:25 INFO  EmployeesRestAPIssss:74 - -------------------- Checking Server Type --------------------------
2022-07-24 10:34:25 INFO  EmployeesRestAPIssss:76 - Server Type ===>nginx
2022-07-24 10:34:25 INFO  EmployeesRestAPIssss:38 - -------------------- Checking Status Code --------------------------
2022-07-24 10:34:25 INFO  EmployeesRestAPIssss:40 - Status Code ===>429
2022-07-24 10:34:25 INFO  EmployeesRestAPIssss:56 - -------------------- Checking Status Line --------------------------
2022-07-24 10:34:25 INFO  EmployeesRestAPIssss:58 - Status Line ===>HTTP/1.1 429 Too Many Requests
2022-07-24 10:34:25 INFO  EmployeesRestAPIssss:92 - ------------------------ Finished TC001_Get_All_Employees------------------
2022-07-24 10:34:25 INFO  EmployeesRestAPIssss:18 - ------------------Started TC002_Get_Single_Employee_Record----------------
2022-07-24 10:34:25 INFO  EmployeesRestAPIssss:83 - -------------------- Checking Content Encoding --------------------------
2022-07-24 10:34:25 INFO  EmployeesRestAPIssss:85 - Content Encoding ===>null
2022-07-24 10:34:25 INFO  EmployeesRestAPIssss:92 - -------------------- Checking Content Length -----------------------------
2022-07-24 10:34:25 INFO  EmployeesRestAPIssss:94 - Content Length ===> 16
2022-07-24 10:34:25 INFO  EmployeesRestAPIssss:65 - -------------------- Checking Content Type --------------------------
2022-07-24 10:34:25 INFO  EmployeesRestAPIssss:67 - Content Type ===>application/json
2022-07-24 10:34:25 INFO  EmployeesRestAPIssss:29 - ------------------- Checking Rrsponse Body------------------------
2022-07-24 10:34:25 INFO  EmployeesRestAPIssss:31 - Response Body  ==>{"message":"Error Occured! Page Not found, contact rstapi2example@gmail.com"}
2022-07-24 10:34:25 INFO  EmployeesRestAPIssss:47 - -------------------- Checking Response Time --------------------------
2022-07-24 10:34:25 INFO  EmployeesRestAPIssss:49 - Response Time ===>447
2022-07-24 10:34:25 INFO  EmployeesRestAPIssss:74 - -------------------- Checking Server Type --------------------------
2022-07-24 10:34:25 INFO  EmployeesRestAPIssss:76 - Server Type ===>nginx
2022-07-24 10:34:25 INFO  EmployeesRestAPIssss:38 - -------------------- Checking Status Code --------------------------
2022-07-24 10:34:25 INFO  EmployeesRestAPIssss:40 - Status Code ===>404
2022-07-24 10:34:25 INFO  EmployeesRestAPIssss:56 - -------------------- Checking Status Line --------------------------
2022-07-24 10:34:25 INFO  EmployeesRestAPIssss:58 - Status Line ===>HTTP/1.1 404 Not Found
2022-07-24 10:34:25 INFO  EmployeesRestAPIssss:101 - ------------------------ Finished TC001_Get_All_Employees------------------
2022-07-24 10:34:26 INFO  EmployeesRestAPIssss:88 - -------------------- Checking Content Encoding --------------------------
2022-07-24 10:34:26 INFO  EmployeesRestAPIssss:90 - Content Encoding ===>null
2022-07-24 10:34:26 INFO  EmployeesRestAPIssss:97 - -------------------- Checking Content Length -----------------------------
2022-07-24 10:34:26 INFO  EmployeesRestAPIssss:99 - Content Length ===> 16
2022-07-24 10:34:26 INFO  EmployeesRestAPIssss:70 - -------------------- Checking Content Type --------------------------
2022-07-24 10:34:26 INFO  EmployeesRestAPIssss:72 - Content Type ===>application/json
2022-07-24 10:34:26 INFO  EmployeesRestAPIssss:43 - ------------------- Checking Rrsponse Body------------------------
2022-07-24 10:34:26 INFO  EmployeesRestAPIssss:45 - Response Body  ==>{"status":"success","data":{"name":"Johnm","empAge":"47","empSal":"66970","id":2474},"message":"Successfully! Record has been added."}
2022-07-24 10:34:26 INFO  EmployeesRestAPIssss:79 - -------------------- Checking Server Type --------------------------
2022-07-24 10:34:26 INFO  EmployeesRestAPIssss:81 - Server Type ===>nginx
2022-07-24 10:34:26 INFO  EmployeesRestAPIssss:52 - -------------------- Checking Status Code --------------------------
2022-07-24 10:34:26 INFO  EmployeesRestAPIssss:54 - Status Code ===>200
2022-07-24 10:34:26 INFO  EmployeesRestAPIssss:61 - -------------------- Checking Status Line --------------------------
2022-07-24 10:34:26 INFO  EmployeesRestAPIssss:63 - Status Line ===>HTTP/1.1 200 OK
2022-07-24 10:34:26 INFO  EmployeesRestAPIssss:106 - ----------------- End of TC003 -------------------
2022-07-27 08:55:31 INFO  EmployeesRestAPIssss:18 - ------------------Started TC001_Get_All_Employees----------------
2022-07-27 08:55:33 INFO  EmployeesRestAPIssss:83 - -------------------- Checking Content Encoding --------------------------
2022-07-27 08:55:33 INFO  EmployeesRestAPIssss:85 - Content Encoding ===>gzip
2022-07-27 08:55:33 INFO  EmployeesRestAPIssss:65 - -------------------- Checking Content Type --------------------------
2022-07-27 08:55:33 INFO  EmployeesRestAPIssss:67 - Content Type ===>application/json
2022-07-27 08:55:33 INFO  EmployeesRestAPIssss:29 - ------------------- Checking Rrsponse Body------------------------
2022-07-27 08:55:33 INFO  EmployeesRestAPIssss:31 - Response Body  ==>{"status":"success","data":[{"id":1,"employee_name":"Tiger Nixon","employee_salary":320800,"employee_age":61,"profile_image":""},{"id":2,"employee_name":"Garrett Winters","employee_salary":170750,"employee_age":63,"profile_image":""},{"id":3,"employee_name":"Ashton Cox","employee_salary":86000,"employee_age":66,"profile_image":""},{"id":4,"employee_name":"Cedric Kelly","employee_salary":433060,"employee_age":22,"profile_image":""},{"id":5,"employee_name":"Airi Satou","employee_salary":162700,"employee_age":33,"profile_image":""},{"id":6,"employee_name":"Brielle Williamson","employee_salary":372000,"employee_age":61,"profile_image":""},{"id":7,"employee_name":"Herrod Chandler","employee_salary":137500,"employee_age":59,"profile_image":""},{"id":8,"employee_name":"Rhona Davidson","employee_salary":327900,"employee_age":55,"profile_image":""},{"id":9,"employee_name":"Colleen Hurst","employee_salary":205500,"employee_age":39,"profile_image":""},{"id":10,"employee_name":"Sonya Frost","employee_salary":103600,"employee_age":23,"profile_image":""},{"id":11,"employee_name":"Jena Gaines","employee_salary":90560,"employee_age":30,"profile_image":""},{"id":12,"employee_name":"Quinn Flynn","employee_salary":342000,"employee_age":22,"profile_image":""},{"id":13,"employee_name":"Charde Marshall","employee_salary":470600,"employee_age":36,"profile_image":""},{"id":14,"employee_name":"Haley Kennedy","employee_salary":313500,"employee_age":43,"profile_image":""},{"id":15,"employee_name":"Tatyana Fitzpatrick","employee_salary":385750,"employee_age":19,"profile_image":""},{"id":16,"employee_name":"Michael Silva","employee_salary":198500,"employee_age":66,"profile_image":""},{"id":17,"employee_name":"Paul Byrd","employee_salary":725000,"employee_age":64,"profile_image":""},{"id":18,"employee_name":"Gloria Little","employee_salary":237500,"employee_age":59,"profile_image":""},{"id":19,"employee_name":"Bradley Greer","employee_salary":132000,"employee_age":41,"profile_image":""},{"id":20,"employee_name":"Dai Rios","employee_salary":217500,"employee_age":35,"profile_image":""},{"id":21,"employee_name":"Jenette Caldwell","employee_salary":345000,"employee_age":30,"profile_image":""},{"id":22,"employee_name":"Yuri Berry","employee_salary":675000,"employee_age":40,"profile_image":""},{"id":23,"employee_name":"Caesar Vance","employee_salary":106450,"employee_age":21,"profile_image":""},{"id":24,"employee_name":"Doris Wilder","employee_salary":85600,"employee_age":23,"profile_image":""}],"message":"Successfully! All records has been fetched."}
2022-07-27 08:55:33 INFO  EmployeesRestAPIssss:47 - -------------------- Checking Response Time --------------------------
2022-07-27 08:55:33 INFO  EmployeesRestAPIssss:49 - Response Time ===>1509
2022-07-27 08:55:33 INFO  EmployeesRestAPIssss:74 - -------------------- Checking Server Type --------------------------
2022-07-27 08:55:33 INFO  EmployeesRestAPIssss:76 - Server Type ===>nginx
2022-07-27 08:55:33 INFO  EmployeesRestAPIssss:38 - -------------------- Checking Status Code --------------------------
2022-07-27 08:55:33 INFO  EmployeesRestAPIssss:40 - Status Code ===>200
2022-07-27 08:55:33 INFO  EmployeesRestAPIssss:56 - -------------------- Checking Status Line --------------------------
2022-07-27 08:55:33 INFO  EmployeesRestAPIssss:58 - Status Line ===>HTTP/1.1 200 OK
2022-07-27 08:55:33 INFO  EmployeesRestAPIssss:92 - ------------------------ Finished TC001_Get_All_Employees------------------
2022-07-27 08:55:33 INFO  EmployeesRestAPIssss:18 - ------------------Started TC002_Get_Single_Employee_Record----------------
2022-07-27 08:55:34 INFO  EmployeesRestAPIssss:83 - -------------------- Checking Content Encoding --------------------------
2022-07-27 08:55:34 INFO  EmployeesRestAPIssss:85 - Content Encoding ===>null
2022-07-27 08:55:34 INFO  EmployeesRestAPIssss:92 - -------------------- Checking Content Length -----------------------------
2022-07-27 08:55:34 INFO  EmployeesRestAPIssss:94 - Content Length ===> 16
2022-07-27 08:55:34 INFO  EmployeesRestAPIssss:65 - -------------------- Checking Content Type --------------------------
2022-07-27 08:55:34 INFO  EmployeesRestAPIssss:67 - Content Type ===>application/json
2022-07-27 08:55:34 INFO  EmployeesRestAPIssss:29 - ------------------- Checking Rrsponse Body------------------------
2022-07-27 08:55:34 INFO  EmployeesRestAPIssss:31 - Response Body  ==>{"message":"Error Occured! Page Not found, contact rstapi2example@gmail.com"}
2022-07-27 08:55:34 INFO  EmployeesRestAPIssss:47 - -------------------- Checking Response Time --------------------------
2022-07-27 08:55:34 INFO  EmployeesRestAPIssss:49 - Response Time ===>560
2022-07-27 08:55:34 INFO  EmployeesRestAPIssss:74 - -------------------- Checking Server Type --------------------------
2022-07-27 08:55:34 INFO  EmployeesRestAPIssss:76 - Server Type ===>nginx
2022-07-27 08:55:34 INFO  EmployeesRestAPIssss:38 - -------------------- Checking Status Code --------------------------
2022-07-27 08:55:34 INFO  EmployeesRestAPIssss:40 - Status Code ===>404
2022-07-27 08:55:34 INFO  EmployeesRestAPIssss:56 - -------------------- Checking Status Line --------------------------
2022-07-27 08:55:34 INFO  EmployeesRestAPIssss:58 - Status Line ===>HTTP/1.1 404 Not Found
2022-07-27 08:55:34 INFO  EmployeesRestAPIssss:101 - ------------------------ Finished TC001_Get_All_Employees------------------
2022-07-27 08:55:34 INFO  EmployeesRestAPIssss:88 - -------------------- Checking Content Encoding --------------------------
2022-07-27 08:55:34 INFO  EmployeesRestAPIssss:90 - Content Encoding ===>gzip
2022-07-27 08:55:34 INFO  EmployeesRestAPIssss:97 - -------------------- Checking Content Length -----------------------------
2022-07-27 08:55:34 INFO  EmployeesRestAPIssss:99 - Content Length ===> 24
2022-07-27 08:55:34 INFO  EmployeesRestAPIssss:70 - -------------------- Checking Content Type --------------------------
2022-07-27 08:55:34 INFO  EmployeesRestAPIssss:72 - Content Type ===>text/html; charset=UTF-8
2022-07-27 08:55:34 INFO  EmployeesRestAPIssss:43 - ------------------- Checking Rrsponse Body------------------------
2022-07-27 08:55:34 INFO  EmployeesRestAPIssss:45 - Response Body  ==><!DOCTYPE html>
<html lang="en">
    <head><meta charset="utf-8">
        
        <meta name="viewport" content="width=device-width, initial-scale=1">

        <title>Too Many Requests</title>

        <!-- Fonts -->
        <link rel="dns-prefetch" href="//fonts.gstatic.com">
        <link href="https://fonts.googleapis.com/css?family=Nunito" rel="stylesheet">

        <!-- Styles -->
        <style>
            html, body {
                background-color: #fff;
                color: #636b6f;
                font-family: 'Nunito', sans-serif;
                font-weight: 100;
                height: 100vh;
                margin: 0;
            }

            .full-height {
                height: 100vh;
            }

            .flex-center {
                align-items: center;
                display: flex;
                justify-content: center;
            }

            .position-ref {
                position: relative;
            }

            .code {
                border-right: 2px solid;
                font-size: 26px;
                padding: 0 15px 0 15px;
                text-align: center;
            }

            .message {
                font-size: 18px;
                text-align: center;
            }
        </style>
    </head>
    <body>
        <div class="flex-center position-ref full-height">
            <div class="code">
                429            </div>

            <div class="message" style="padding: 10px;">
                Too Many Requests            </div>
        </div>
    <script type="text/javascript" onload="__ezcl.handle(true);" async src="/utilcave_com/inc/ezcl.webp?cb=4"></script></body>
</html>

2022-07-27 08:55:34 INFO  EmployeesRestAPIssss:79 - -------------------- Checking Server Type --------------------------
2022-07-27 08:55:34 INFO  EmployeesRestAPIssss:81 - Server Type ===>nginx
2022-07-27 08:55:34 INFO  EmployeesRestAPIssss:52 - -------------------- Checking Status Code --------------------------
2022-07-27 08:55:34 INFO  EmployeesRestAPIssss:54 - Status Code ===>429
2022-07-27 08:55:34 INFO  EmployeesRestAPIssss:61 - -------------------- Checking Status Line --------------------------
2022-07-27 08:55:34 INFO  EmployeesRestAPIssss:63 - Status Line ===>HTTP/1.1 429 Too Many Requests
2022-07-27 08:55:34 INFO  EmployeesRestAPIssss:106 - ----------------- End of TC003 -------------------
